{
  "RSpec": {
    "coverage": {
      "/Users/noahgottlieb/Desktop/api_rails_hw/spec/get_quotes_spec.rb": [
        1,
        null,
        1,
        3,
        null,
        1,
        null,
        1,
        0,
        null,
        null,
        1,
        0,
        null,
        null
      ],
      "/Users/noahgottlieb/Desktop/api_rails_hw/spec/rails_helper.rb": [
        null,
        1,
        1,
        1,
        null,
        1,
        1,
        null,
        null,
        null,
        null,
        null,
        null,
        null,
        null,
        null,
        null,
        null,
        null,
        null,
        null,
        null,
        null,
        null,
        null,
        null,
        1,
        null,
        1,
        null,
        1,
        null,
        null,
        null,
        null,
        1,
        null,
        null,
        null,
        null,
        null,
        null,
        null,
        null,
        null,
        null,
        null,
        null,
        null,
        null,
        1,
        null,
        null,
        1,
        null,
        null,
        null,
        null,
        1,
        1,
        1,
        1,
        null,
        null
      ],
      "/Users/noahgottlieb/Desktop/api_rails_hw/config/environment.rb": [
        null,
        1,
        null,
        null,
        1
      ],
      "/Users/noahgottlieb/Desktop/api_rails_hw/config/application.rb": [
        1,
        null,
        1,
        null,
        1,
        1,
        1,
        1,
        1,
        1,
        1,
        null,
        null,
        null,
        null,
        null,
        1,
        null,
        1,
        1,
        null,
        1,
        null,
        null,
        null,
        null,
        null,
        null,
        null,
        null,
        1,
        null,
        null
      ],
      "/Users/noahgottlieb/Desktop/api_rails_hw/config/boot.rb": [
        1,
        null,
        1
      ],
      "/Users/noahgottlieb/Desktop/api_rails_hw/config/environments/test.rb": [
        1,
        null,
        null,
        null,
        null,
        null,
        null,
        1,
        null,
        null,
        null,
        null,
        1,
        null,
        null,
        1,
        1,
        null,
        null,
        null,
        null,
        1,
        1,
        null,
        null,
        1,
        null,
        null,
        1,
        1,
        null,
        null,
        null,
        null,
        1,
        null,
        null,
        1,
        null,
        null,
        null,
        null
      ],
      "/Users/noahgottlieb/Desktop/api_rails_hw/config/initializers/application_controller_renderer.rb": [
        null,
        null,
        null,
        null,
        null,
        null,
        null,
        null
      ],
      "/Users/noahgottlieb/Desktop/api_rails_hw/config/initializers/backtrace_silencers.rb": [
        null,
        null,
        null,
        null,
        null,
        null,
        null
      ],
      "/Users/noahgottlieb/Desktop/api_rails_hw/config/initializers/cors.rb": [
        null,
        null,
        null,
        null,
        null,
        null,
        null,
        null,
        null,
        null,
        null,
        null,
        null,
        null,
        null,
        null
      ],
      "/Users/noahgottlieb/Desktop/api_rails_hw/config/initializers/filter_parameter_logging.rb": [
        null,
        null,
        null,
        1
      ],
      "/Users/noahgottlieb/Desktop/api_rails_hw/config/initializers/inflections.rb": [
        null,
        null,
        null,
        null,
        null,
        null,
        null,
        null,
        null,
        null,
        null,
        null,
        null,
        null,
        null,
        null
      ],
      "/Users/noahgottlieb/Desktop/api_rails_hw/config/initializers/mime_types.rb": [
        null,
        null,
        null,
        null
      ],
      "/Users/noahgottlieb/Desktop/api_rails_hw/config/initializers/wrap_parameters.rb": [
        null,
        null,
        null,
        null,
        null,
        null,
        1,
        2,
        null,
        null,
        null,
        null,
        null,
        null
      ],
      "/Users/noahgottlieb/Desktop/api_rails_hw/config/routes.rb": [
        1,
        1,
        null
      ],
      "/Users/noahgottlieb/Desktop/api_rails_hw/spec/post_route_spec.rb": [
        1,
        null,
        1,
        null,
        1,
        3,
        null,
        null,
        1,
        1,
        null,
        null,
        1,
        1,
        null,
        null,
        1,
        1,
        null,
        null
      ],
      "/Users/noahgottlieb/Desktop/api_rails_hw/app/controllers/quotes_controller.rb": [
        1,
        null,
        1,
        0,
        0,
        null,
        null,
        1,
        0,
        0,
        null,
        null,
        1,
        3,
        3,
        null,
        null,
        1,
        0,
        0,
        null,
        null,
        null,
        null,
        null,
        1,
        0,
        0,
        null,
        null,
        1,
        1,
        3,
        null,
        null
      ],
      "/Users/noahgottlieb/Desktop/api_rails_hw/app/controllers/application_controller.rb": [
        1,
        1,
        null,
        1,
        0,
        null,
        null,
        null
      ],
      "/Users/noahgottlieb/Desktop/api_rails_hw/app/controllers/concerns/response.rb": [
        1,
        1,
        3,
        null,
        null
      ],
      "/Users/noahgottlieb/Desktop/api_rails_hw/app/models/quote.rb": [
        1,
        null,
        null
      ]
    },
    "timestamp": 1512949197
  }
}
